

times in msec
 clock   self+sourced   self:  sourced script
 clock   elapsed:              other lines

000.012  000.012: --- NVIM STARTING ---
000.858  000.847: locale set
001.451  000.593: inits 1
001.470  000.019: window checked
001.712  000.242: parsing arguments
001.977  000.265: expanding arguments
002.058  000.081: inits 2
002.549  000.491: init highlight
005.223  001.981  001.981: sourcing /Users/x/.local/share/nvim/site/autoload/plug.vim
017.043  000.216  000.216: sourcing /Users/x/.local/share/nvim/plugged/vim-go/ftdetect/gofiletype.vim
017.247  000.055  000.055: sourcing /Users/x/.local/share/nvim/plugged/vim-markdown/ftdetect/markdown.vim
017.424  000.017  000.017: sourcing /Users/x/.local/share/nvim/plugged/vim-fugitive/ftdetect/fugitive.vim
017.589  000.027  000.027: sourcing /Users/x/.local/share/nvim/plugged/ultisnips/ftdetect/snippets.vim
017.733  007.471  007.158: sourcing /usr/local/Cellar/neovim/0.3.3/share/nvim/runtime/filetype.vim
018.002  000.063  000.063: sourcing /usr/local/Cellar/neovim/0.3.3/share/nvim/runtime/ftplugin.vim
018.247  000.043  000.043: sourcing /usr/local/Cellar/neovim/0.3.3/share/nvim/runtime/indent.vim
019.007  000.243  000.243: sourcing /usr/local/Cellar/neovim/0.3.3/share/nvim/runtime/syntax/syncolor.vim
019.172  000.605  000.363: sourcing /usr/local/Cellar/neovim/0.3.3/share/nvim/runtime/syntax/synload.vim
019.207  000.839  000.234: sourcing /usr/local/Cellar/neovim/0.3.3/share/nvim/runtime/syntax/syntax.vim
020.194  000.230  000.230: sourcing /usr/local/Cellar/neovim/0.3.3/share/nvim/runtime/syntax/syncolor.vim
020.819  000.169  000.169: sourcing /usr/local/Cellar/neovim/0.3.3/share/nvim/runtime/syntax/syncolor.vim
026.892  007.403  007.004: sourcing /Users/x/.local/share/nvim/plugged/gruvbox/colors/gruvbox.vim
027.781  000.231  000.231: sourcing /usr/local/Cellar/neovim/0.3.3/share/nvim/runtime/syntax/syncolor.vim
028.803  000.220  000.220: sourcing /usr/local/Cellar/neovim/0.3.3/share/nvim/runtime/syntax/syncolor.vim
034.224  007.214  006.763: sourcing /Users/x/.local/share/nvim/plugged/gruvbox/colors/gruvbox.vim
034.398  031.276  006.261: sourcing /Users/x/.config/nvim/init.vim
034.410  000.585: sourcing vimrc file(s)
034.864  000.186  000.186: sourcing /Users/x/.local/share/nvim/plugged/vim-barbaric/plugin/barbaric.vim
035.524  000.404  000.404: sourcing /Users/x/.local/share/nvim/plugged/vim-go/autoload/go/config.vim
035.767  000.766  000.362: sourcing /Users/x/.local/share/nvim/plugged/vim-go/plugin/go.vim
036.118  000.198  000.198: sourcing /Users/x/.local/share/nvim/plugged/tabular/plugin/Tabular.vim
036.413  000.145  000.145: sourcing /Users/x/.local/share/nvim/plugged/vimux/plugin/vimux.vim
037.062  000.522  000.522: sourcing /Users/x/.fzf/plugin/fzf.vim
037.916  000.711  000.711: sourcing /Users/x/.local/share/nvim/plugged/fzf.vim/plugin/fzf.vim
038.560  000.119  000.119: sourcing /Users/x/.local/share/nvim/plugged/nerdtree/autoload/nerdtree.vim
039.768  000.487  000.487: sourcing /Users/x/.local/share/nvim/plugged/nerdtree/lib/nerdtree/path.vim
039.996  000.110  000.110: sourcing /Users/x/.local/share/nvim/plugged/nerdtree/lib/nerdtree/menu_controller.vim
040.167  000.073  000.073: sourcing /Users/x/.local/share/nvim/plugged/nerdtree/lib/nerdtree/menu_item.vim
040.360  000.097  000.097: sourcing /Users/x/.local/share/nvim/plugged/nerdtree/lib/nerdtree/key_map.vim
040.645  000.191  000.191: sourcing /Users/x/.local/share/nvim/plugged/nerdtree/lib/nerdtree/bookmark.vim
040.923  000.181  000.181: sourcing /Users/x/.local/share/nvim/plugged/nerdtree/lib/nerdtree/tree_file_node.vim
041.389  000.370  000.370: sourcing /Users/x/.local/share/nvim/plugged/nerdtree/lib/nerdtree/tree_dir_node.vim
041.663  000.178  000.178: sourcing /Users/x/.local/share/nvim/plugged/nerdtree/lib/nerdtree/opener.vim
041.971  000.213  000.213: sourcing /Users/x/.local/share/nvim/plugged/nerdtree/lib/nerdtree/creator.vim
042.121  000.057  000.057: sourcing /Users/x/.local/share/nvim/plugged/nerdtree/lib/nerdtree/flag_set.vim
042.344  000.130  000.130: sourcing /Users/x/.local/share/nvim/plugged/nerdtree/lib/nerdtree/nerdtree.vim
042.746  000.275  000.275: sourcing /Users/x/.local/share/nvim/plugged/nerdtree/lib/nerdtree/ui.vim
042.868  000.026  000.026: sourcing /Users/x/.local/share/nvim/plugged/nerdtree/lib/nerdtree/event.vim
043.002  000.041  000.041: sourcing /Users/x/.local/share/nvim/plugged/nerdtree/lib/nerdtree/notifier.vim
043.444  000.346  000.346: sourcing /Users/x/.local/share/nvim/plugged/nerdtree/autoload/nerdtree/ui_glue.vim
045.625  000.084  000.084: sourcing /Users/x/.local/share/nvim/plugged/nerdtree/nerdtree_plugin/exec_menuitem.vim
046.210  000.530  000.530: sourcing /Users/x/.local/share/nvim/plugged/nerdtree/nerdtree_plugin/fs_menu.vim
046.312  000.042  000.042: sourcing /Users/x/.local/share/nvim/plugged/nerdtree/nerdtree_plugin/vcs.vim
046.915  000.458  000.458: sourcing /Users/x/.local/share/nvim/plugged/nerdtree-git-plugin/nerdtree_plugin/git_status.vim
047.184  009.122  005.114: sourcing /Users/x/.local/share/nvim/plugged/nerdtree/plugin/NERD_tree.vim
047.425  000.034  000.034: sourcing /Users/x/.local/share/nvim/plugged/vim-misc/plugin/xolox/misc.vim
047.694  000.017  000.017: sourcing /Users/x/.local/share/nvim/plugged/vim-misc/autoload/xolox/misc.vim
047.948  000.146  000.146: sourcing /Users/x/.local/share/nvim/plugged/vim-misc/autoload/xolox/misc/os.vim
048.420  000.184  000.184: sourcing /Users/x/.local/share/nvim/plugged/vim-misc/autoload/xolox/misc/timer.vim
049.667  000.165  000.165: sourcing /Users/x/.local/share/nvim/plugged/vim-misc/autoload/xolox/misc/option.vim
050.148  002.029  001.681: sourcing /Users/x/.local/share/nvim/plugged/vim-easytags/autoload/xolox/easytags.vim
050.573  000.294  000.294: sourcing /Users/x/.local/share/nvim/plugged/vim-misc/autoload/xolox/misc/path.vim
061.604  000.138  000.138: sourcing /Users/x/.local/share/nvim/plugged/vim-misc/autoload/xolox/misc/list.vim
061.993  000.231  000.231: sourcing /Users/x/.local/share/nvim/plugged/vim-misc/autoload/xolox/misc/msg.vim
062.442  000.080  000.080: sourcing /Users/x/.local/share/nvim/plugged/vim-misc/autoload/xolox/misc/escape.vim
072.623  000.141  000.141: sourcing /Users/x/.local/share/nvim/plugged/vim-misc/autoload/xolox/misc/version.vim
073.444  000.078  000.078: sourcing /Users/x/.local/share/nvim/plugged/vim-misc/autoload/xolox/misc/cursorhold.vim
073.487  025.925  022.771: sourcing /Users/x/.local/share/nvim/plugged/vim-easytags/plugin/easytags.vim
074.374  000.736  000.736: sourcing /Users/x/.local/share/nvim/plugged/tagbar/plugin/tagbar.vim
074.939  000.418  000.418: sourcing /Users/x/.local/share/nvim/plugged/vim-fugitive/plugin/fugitive.vim
075.579  000.147  000.147: sourcing /Users/x/.local/share/nvim/plugged/vim-airline/autoload/airline/init.vim
076.147  000.225  000.225: sourcing /Users/x/.local/share/nvim/plugged/vim-airline/autoload/airline/parts.vim
077.021  000.104  000.104: sourcing /Users/x/.local/share/nvim/plugged/vim-airline/autoload/airline/util.vim
077.069  001.990  001.514: sourcing /Users/x/.local/share/nvim/plugged/vim-airline/plugin/airline.vim
077.241  000.021  000.021: sourcing /Users/x/.local/share/nvim/plugged/vim-airline-themes/plugin/airline-themes.vim
077.601  000.067  000.067: sourcing /Users/x/.local/share/nvim/plugged/deoplete.nvim/autoload/deoplete.vim
077.654  000.265  000.198: sourcing /Users/x/.local/share/nvim/plugged/deoplete.nvim/plugin/deoplete.vim
077.841  000.046  000.046: sourcing /Users/x/.local/share/nvim/plugged/deoplete-go/plugin/deoplete-go.vim
078.427  000.071  000.071: sourcing /usr/local/Cellar/neovim/0.3.3/share/nvim/runtime/autoload/provider/pythonx.vim
108.301  000.241  000.241: sourcing /usr/local/Cellar/neovim/0.3.3/share/nvim/runtime/autoload/remote/host.vim
108.400  030.223  029.912: sourcing /usr/local/Cellar/neovim/0.3.3/share/nvim/runtime/autoload/provider/python3.vim
108.825  000.081  000.081: sourcing /Users/x/.local/share/nvim/plugged/ultisnips/autoload/UltiSnips/map_keys.vim
108.890  030.913  000.609: sourcing /Users/x/.local/share/nvim/plugged/ultisnips/plugin/UltiSnips.vim
117.997  008.938  008.938: sourcing /Users/x/.local/share/nvim/plugged/vim-unimpaired/plugin/unimpaired.vim
118.603  000.409  000.409: sourcing /Users/x/.local/share/nvim/plugged/vim-surround/plugin/surround.vim
119.292  000.237  000.237: sourcing /usr/local/Cellar/neovim/0.3.3/share/nvim/runtime/plugin/gzip.vim
119.368  000.017  000.017: sourcing /usr/local/Cellar/neovim/0.3.3/share/nvim/runtime/plugin/health.vim
119.492  000.070  000.070: sourcing /usr/local/Cellar/neovim/0.3.3/share/nvim/runtime/plugin/man.vim
119.996  000.449  000.449: sourcing /usr/local/Cellar/neovim/0.3.3/share/nvim/runtime/plugin/matchit.vim
120.211  000.149  000.149: sourcing /usr/local/Cellar/neovim/0.3.3/share/nvim/runtime/plugin/matchparen.vim
120.674  000.401  000.401: sourcing /usr/local/Cellar/neovim/0.3.3/share/nvim/runtime/plugin/netrwPlugin.vim
121.354  000.170  000.170: sourcing /usr/local/Cellar/neovim/0.3.3/share/nvim/runtime/autoload/remote/define.vim
121.434  000.503  000.334: sourcing /Users/x/.local/share/nvim/rplugin.vim
121.441  000.701  000.197: sourcing /usr/local/Cellar/neovim/0.3.3/share/nvim/runtime/plugin/rplugin.vim
121.606  000.098  000.098: sourcing /usr/local/Cellar/neovim/0.3.3/share/nvim/runtime/plugin/shada.vim
121.699  000.029  000.029: sourcing /usr/local/Cellar/neovim/0.3.3/share/nvim/runtime/plugin/spellfile.vim
121.893  000.134  000.134: sourcing /usr/local/Cellar/neovim/0.3.3/share/nvim/runtime/plugin/tarPlugin.vim
122.037  000.082  000.082: sourcing /usr/local/Cellar/neovim/0.3.3/share/nvim/runtime/plugin/tohtml.vim
122.119  000.022  000.022: sourcing /usr/local/Cellar/neovim/0.3.3/share/nvim/runtime/plugin/tutor.vim
122.337  000.159  000.159: sourcing /usr/local/Cellar/neovim/0.3.3/share/nvim/runtime/plugin/zipPlugin.vim
122.507  000.021  000.021: sourcing /Users/x/.fzf/plugin/fzf.vim
122.513  004.190: loading plugins
122.601  000.089: loading packages
123.196  000.220  000.220: sourcing /Users/x/.local/share/nvim/plugged/tabular/autoload/tabular.vim
124.611  001.814  001.594: sourcing /Users/x/.local/share/nvim/plugged/tabular/after/plugin/TabularMaps.vim
124.875  000.088  000.088: sourcing /Users/x/.local/share/nvim/plugged/ultisnips/after/plugin/UltiSnips_after.vim
124.894  000.390: loading after plugins
124.903  000.009: inits 3
128.165  003.262: reading ShaDa
130.424  002.259: clearing screen
130.996  000.269  000.269: sourcing /Users/x/.local/share/nvim/plugged/vim-airline/autoload/airline/extensions.vim
131.219  000.055  000.055: sourcing /Users/x/.local/share/nvim/plugged/vim-airline/autoload/airline/extensions/quickfix.vim
131.587  000.167  000.167: sourcing /Users/x/.local/share/nvim/plugged/vim-airline/autoload/airline.vim
131.815  000.042  000.042: sourcing /Users/x/.local/share/nvim/plugged/vim-airline/autoload/airline/extensions/netrw.vim
132.031  000.041  000.041: sourcing /Users/x/.local/share/nvim/plugged/vim-airline/autoload/airline/extensions/term.vim
132.299  000.058  000.058: sourcing /Users/x/.local/share/nvim/plugged/vim-airline/autoload/airline/extensions/tagbar.vim
132.690  000.192  000.192: sourcing /Users/x/.local/share/nvim/plugged/vim-airline/autoload/airline/extensions/branch.vim
132.949  000.052  000.052: sourcing /Users/x/.local/share/nvim/plugged/vim-airline/autoload/airline/extensions/fugitiveline.vim
133.268  000.113  000.113: sourcing /Users/x/.local/share/nvim/plugged/vim-airline/autoload/airline/extensions/whitespace.vim
133.718  000.092  000.092: sourcing /Users/x/.local/share/nvim/plugged/vim-airline/autoload/airline/extensions/wordcount.vim
134.018  000.133  000.133: sourcing /Users/x/.local/share/nvim/plugged/vim-airline/autoload/airline/extensions/tabline.vim
134.225  000.051  000.051: sourcing /Users/x/.local/share/nvim/plugged/vim-airline/autoload/airline/extensions/tabline/autoshow.vim
134.561  000.097  000.097: sourcing /Users/x/.local/share/nvim/plugged/vim-airline/autoload/airline/extensions/tabline/tabs.vim
134.953  000.164  000.164: sourcing /Users/x/.local/share/nvim/plugged/vim-airline/autoload/airline/extensions/tabline/buffers.vim
135.233  000.032  000.032: sourcing /Users/x/.local/share/nvim/plugged/vim-airline/autoload/airline/extensions/keymap.vim
137.861  000.066  000.066: sourcing /Users/x/.local/share/nvim/plugged/vim-airline/autoload/airline/section.vim
138.352  000.210  000.210: sourcing /Users/x/.local/share/nvim/plugged/vim-airline/autoload/airline/highlighter.vim
142.639  000.053  000.053: sourcing /Users/x/.local/share/nvim/plugged/vim-airline/autoload/airline/themes.vim
143.874  001.464  001.411: sourcing /Users/x/.local/share/nvim/plugged/gruvbox/autoload/airline/themes/gruvbox.vim
145.165  002.882  001.418: sourcing /Users/x/.local/share/nvim/plugged/gruvbox/autoload/airline/themes/gruvbox.vim
163.494  000.150  000.150: sourcing /Users/x/.local/share/nvim/plugged/vim-airline/autoload/airline/builder.vim
163.906  000.085  000.085: sourcing /Users/x/.local/share/nvim/plugged/vim-airline/autoload/airline/extensions/default.vim
202.576  067.201: opening buffers
202.632  000.056: BufEnter autocommands
202.639  000.007: editing files in windows
206.162  000.079  000.079: sourcing /Users/x/.local/share/nvim/plugged/vim-airline/autoload/airline/extensions/tabline/buflist.vim
209.797  000.461  000.461: sourcing /Users/x/.local/share/nvim/plugged/nerdtree/syntax/nerdtree.vim
454.062  003.534  003.534: sourcing /Users/x/.local/share/nvim/plugged/vim-fugitive/autoload/fugitive.vim
454.995  000.094  000.094: sourcing /Users/x/.local/share/nvim/plugged/vim-barbaric/autoload/barbaric.vim
547.086  000.278  000.278: sourcing /Users/x/.local/share/nvim/plugged/deoplete.nvim/autoload/deoplete/init.vim
547.437  000.158  000.158: sourcing /Users/x/.local/share/nvim/plugged/deoplete.nvim/autoload/deoplete/util.vim
547.691  000.099  000.099: sourcing /Users/x/.local/share/nvim/plugged/deoplete.nvim/autoload/deoplete/custom.vim
548.262  000.026  000.026: sourcing /usr/local/Cellar/neovim/0.3.3/share/nvim/runtime/autoload/provider.vim
618.480  000.225  000.225: sourcing /Users/x/.local/share/nvim/plugged/deoplete.nvim/autoload/deoplete/mapping.vim
618.891  000.206  000.206: sourcing /Users/x/.local/share/nvim/plugged/deoplete.nvim/autoload/deoplete/handler.vim
619.223  411.424: VimEnter autocommands
619.228  000.006: before starting main loop
619.847  000.109  000.109: sourcing /Users/x/.local/share/nvim/plugged/vim-airline/autoload/airline/extensions/tabline/ctrlspace.vim
620.248  000.136  000.136: sourcing /Users/x/.local/share/nvim/plugged/vim-airline/autoload/airline/extensions/tabline/builder.vim
622.669  000.053  000.053: sourcing /Users/x/.local/share/nvim/plugged/vim-airline/autoload/airline/extensions/tabline/formatters/default.vim
643.616  024.090: first screen update
643.619  000.003: --- NVIM STARTED ---
